<?xml version="1.0" encoding="UTF-8"?>
<testng-results ignored="0" total="1" passed="1" failed="0" skipped="0">
  <reporter-output>
  </reporter-output>
  <suite started-at="2024-04-09T22:22:05 IST" name="Default suite" finished-at="2024-04-09T22:22:34 IST" duration-ms="29208">
    <groups>
    </groups>
    <test started-at="2024-04-09T22:22:05 IST" name="Default test" finished-at="2024-04-09T22:22:34 IST" duration-ms="29208">
      <class name="selenium.Dummy">
        <test-method signature="launch()[pri:0, instance:selenium.Dummy@73a1e9a9]" started-at="2024-04-09T22:22:05 IST" name="launch" finished-at="2024-04-09T22:22:34 IST" duration-ms="29190" status="PASS">
          <reporter-output>
          </reporter-output>
        </test-method> <!-- launch -->
      </class> <!-- selenium.Dummy -->
    </test> <!-- Default test -->
  </suite> <!-- Default suite -->
</testng-results>
